[2025-05-12T01:25:19.272+0000] {manager.py:469} INFO - Processing files using up to 2 processes at a time 
[2025-05-12T01:25:19.272+0000] {manager.py:470} INFO - Process each file at most once every 30 seconds
[2025-05-12T01:25:19.273+0000] {manager.py:471} INFO - Checking for new files in /opt/airflow/dags every 300 seconds
[2025-05-12T01:25:19.274+0000] {manager.py:738} INFO - Searching for files in /opt/airflow/dags
[2025-05-12T01:25:19.309+0000] {manager.py:741} INFO - There are 1 files in /opt/airflow/dags
[2025-05-12T01:25:19.425+0000] {manager.py:879} INFO - 
================================================================================
DAG File Processing Stats

File Path                            PID  Runtime      # DAGs    # Errors  Last Runtime    Last Run
---------------------------------  -----  ---------  --------  ----------  --------------  ----------
/opt/airflow/dags/dag_ingestao.py    171  0.06s             0           0
================================================================================
[2025-05-12T01:25:49.663+0000] {manager.py:879} INFO - 
================================================================================
DAG File Processing Stats

File Path                          PID    Runtime      # DAGs    # Errors  Last Runtime    Last Run
---------------------------------  -----  ---------  --------  ----------  --------------  -------------------
/opt/airflow/dags/dag_ingestao.py                           1           0  0.47s           2025-05-12T01:25:19
================================================================================
[2025-05-12T01:26:20.483+0000] {manager.py:879} INFO - 
================================================================================
DAG File Processing Stats

File Path                            PID  Runtime      # DAGs    # Errors  Last Runtime    Last Run
---------------------------------  -----  ---------  --------  ----------  --------------  -------------------
/opt/airflow/dags/dag_ingestao.py    181  0.01s             1           0  0.22s           2025-05-12T01:25:50
================================================================================
[2025-05-12T01:26:50.957+0000] {manager.py:879} INFO - 
================================================================================
DAG File Processing Stats

File Path                            PID  Runtime      # DAGs    # Errors  Last Runtime    Last Run
---------------------------------  -----  ---------  --------  ----------  --------------  -------------------
/opt/airflow/dags/dag_ingestao.py    186  0.00s             1           0  0.19s           2025-05-12T01:26:20
================================================================================
[2025-05-12T01:27:21.328+0000] {manager.py:879} INFO - 
================================================================================
DAG File Processing Stats

File Path                            PID  Runtime      # DAGs    # Errors  Last Runtime    Last Run
---------------------------------  -----  ---------  --------  ----------  --------------  -------------------
/opt/airflow/dags/dag_ingestao.py    191  0.01s             1           0  0.18s           2025-05-12T01:26:51
================================================================================
[2025-05-12T01:27:51.741+0000] {manager.py:879} INFO - 
================================================================================
DAG File Processing Stats

File Path                            PID  Runtime      # DAGs    # Errors  Last Runtime    Last Run
---------------------------------  -----  ---------  --------  ----------  --------------  -------------------
/opt/airflow/dags/dag_ingestao.py    196  0.00s             1           0  0.19s           2025-05-12T01:27:21
================================================================================
[2025-05-12T01:28:22.184+0000] {manager.py:879} INFO - 
================================================================================
DAG File Processing Stats

File Path                            PID  Runtime      # DAGs    # Errors  Last Runtime    Last Run
---------------------------------  -----  ---------  --------  ----------  --------------  -------------------
/opt/airflow/dags/dag_ingestao.py    201  0.01s             1           0  0.19s           2025-05-12T01:27:51
================================================================================
[2025-05-12T01:28:52.608+0000] {manager.py:879} INFO - 
================================================================================
DAG File Processing Stats

File Path                            PID  Runtime      # DAGs    # Errors  Last Runtime    Last Run
---------------------------------  -----  ---------  --------  ----------  --------------  -------------------
/opt/airflow/dags/dag_ingestao.py    206  0.02s             1           0  0.25s           2025-05-12T01:28:22
================================================================================
[2025-05-12T01:29:23.044+0000] {manager.py:879} INFO - 
================================================================================
DAG File Processing Stats

File Path                            PID  Runtime      # DAGs    # Errors  Last Runtime    Last Run
---------------------------------  -----  ---------  --------  ----------  --------------  -------------------
/opt/airflow/dags/dag_ingestao.py    211  0.01s             1           0  0.18s           2025-05-12T01:28:52
================================================================================
[2025-05-12T01:29:53.466+0000] {manager.py:879} INFO - 
================================================================================
DAG File Processing Stats

File Path                            PID  Runtime      # DAGs    # Errors  Last Runtime    Last Run
---------------------------------  -----  ---------  --------  ----------  --------------  -------------------
/opt/airflow/dags/dag_ingestao.py    216  0.02s             1           0  0.19s           2025-05-12T01:29:23
================================================================================
[2025-05-12T01:30:19.864+0000] {manager.py:738} INFO - Searching for files in /opt/airflow/dags
[2025-05-12T01:30:19.943+0000] {manager.py:741} INFO - There are 1 files in /opt/airflow/dags
[2025-05-12T01:30:24.056+0000] {manager.py:879} INFO - 
================================================================================
DAG File Processing Stats

File Path                            PID  Runtime      # DAGs    # Errors  Last Runtime    Last Run
---------------------------------  -----  ---------  --------  ----------  --------------  -------------------
/opt/airflow/dags/dag_ingestao.py    221  0.01s             1           0  0.24s           2025-05-12T01:29:53
================================================================================
[2025-05-12T01:30:54.425+0000] {manager.py:879} INFO - 
================================================================================
DAG File Processing Stats

File Path                            PID  Runtime      # DAGs    # Errors  Last Runtime    Last Run
---------------------------------  -----  ---------  --------  ----------  --------------  -------------------
/opt/airflow/dags/dag_ingestao.py    226  0.01s             1           0  0.16s           2025-05-12T01:30:24
================================================================================
[2025-05-12T01:31:24.860+0000] {manager.py:879} INFO - 
================================================================================
DAG File Processing Stats

File Path                            PID  Runtime      # DAGs    # Errors  Last Runtime    Last Run
---------------------------------  -----  ---------  --------  ----------  --------------  -------------------
/opt/airflow/dags/dag_ingestao.py    231  0.01s             1           0  0.18s           2025-05-12T01:30:54
================================================================================
[2025-05-12T01:31:55.203+0000] {manager.py:879} INFO - 
================================================================================
DAG File Processing Stats

File Path                            PID  Runtime      # DAGs    # Errors  Last Runtime    Last Run
---------------------------------  -----  ---------  --------  ----------  --------------  -------------------
/opt/airflow/dags/dag_ingestao.py    236  0.01s             1           0  0.16s           2025-05-12T01:31:25
================================================================================
[2025-05-12T01:32:25.638+0000] {manager.py:879} INFO - 
================================================================================
DAG File Processing Stats

File Path                            PID  Runtime      # DAGs    # Errors  Last Runtime    Last Run
---------------------------------  -----  ---------  --------  ----------  --------------  -------------------
/opt/airflow/dags/dag_ingestao.py    241  0.00s             1           0  0.19s           2025-05-12T01:31:55
================================================================================
[2025-05-12T01:32:56.031+0000] {manager.py:879} INFO - 
================================================================================
DAG File Processing Stats

File Path                            PID  Runtime      # DAGs    # Errors  Last Runtime    Last Run
---------------------------------  -----  ---------  --------  ----------  --------------  -------------------
/opt/airflow/dags/dag_ingestao.py    246  0.00s             1           0  0.15s           2025-05-12T01:32:25
================================================================================
[2025-05-12T01:33:26.471+0000] {manager.py:879} INFO - 
================================================================================
DAG File Processing Stats

File Path                            PID  Runtime      # DAGs    # Errors  Last Runtime    Last Run
---------------------------------  -----  ---------  --------  ----------  --------------  -------------------
/opt/airflow/dags/dag_ingestao.py    251  0.01s             1           0  0.14s           2025-05-12T01:32:56
================================================================================
[2025-05-12T01:33:56.842+0000] {manager.py:879} INFO - 
================================================================================
DAG File Processing Stats

File Path                            PID  Runtime      # DAGs    # Errors  Last Runtime    Last Run
---------------------------------  -----  ---------  --------  ----------  --------------  -------------------
/opt/airflow/dags/dag_ingestao.py    256  0.01s             1           0  0.20s           2025-05-12T01:33:26
================================================================================
[2025-05-12T01:34:27.385+0000] {manager.py:879} INFO - 
================================================================================
DAG File Processing Stats

File Path                            PID  Runtime      # DAGs    # Errors  Last Runtime    Last Run
---------------------------------  -----  ---------  --------  ----------  --------------  -------------------
/opt/airflow/dags/dag_ingestao.py    261  0.01s             1           0  0.22s           2025-05-12T01:33:57
================================================================================
[2025-05-12T01:34:29.552+0000] {manager.py:451} INFO - Exiting gracefully upon receiving signal 15
[2025-05-12T17:12:03.882+0000] {manager.py:469} INFO - Processing files using up to 2 processes at a time 
[2025-05-12T17:12:03.883+0000] {manager.py:470} INFO - Process each file at most once every 30 seconds
[2025-05-12T17:12:03.883+0000] {manager.py:471} INFO - Checking for new files in /opt/airflow/dags every 300 seconds
[2025-05-12T17:12:03.884+0000] {manager.py:738} INFO - Searching for files in /opt/airflow/dags
[2025-05-12T17:12:03.917+0000] {manager.py:741} INFO - There are 1 files in /opt/airflow/dags
[2025-05-12T17:12:04.024+0000] {manager.py:879} INFO - 
================================================================================
DAG File Processing Stats

File Path                            PID  Runtime      # DAGs    # Errors  Last Runtime    Last Run
---------------------------------  -----  ---------  --------  ----------  --------------  ----------
/opt/airflow/dags/dag_ingestao.py    171  0.05s             0           0
================================================================================
[2025-05-12T17:12:34.279+0000] {manager.py:879} INFO - 
================================================================================
DAG File Processing Stats

File Path                            PID  Runtime      # DAGs    # Errors  Last Runtime    Last Run
---------------------------------  -----  ---------  --------  ----------  --------------  -------------------
/opt/airflow/dags/dag_ingestao.py    176  0.01s             1           0  0.18s           2025-05-12T17:12:04
================================================================================
[2025-05-12T17:13:04.697+0000] {manager.py:879} INFO - 
================================================================================
DAG File Processing Stats

File Path                            PID  Runtime      # DAGs    # Errors  Last Runtime    Last Run
---------------------------------  -----  ---------  --------  ----------  --------------  -------------------
/opt/airflow/dags/dag_ingestao.py    181  0.01s             1           0  0.24s           2025-05-12T17:12:34
================================================================================
[2025-05-12T17:13:35.120+0000] {manager.py:879} INFO - 
================================================================================
DAG File Processing Stats

File Path                            PID  Runtime      # DAGs    # Errors  Last Runtime    Last Run
---------------------------------  -----  ---------  --------  ----------  --------------  -------------------
/opt/airflow/dags/dag_ingestao.py    186  0.00s             1           0  0.19s           2025-05-12T17:13:04
================================================================================
[2025-05-12T17:14:05.590+0000] {manager.py:879} INFO - 
================================================================================
DAG File Processing Stats

File Path                            PID  Runtime      # DAGs    # Errors  Last Runtime    Last Run
---------------------------------  -----  ---------  --------  ----------  --------------  -------------------
/opt/airflow/dags/dag_ingestao.py    191  0.01s             1           0  0.16s           2025-05-12T17:13:35
================================================================================
[2025-05-12T17:14:35.999+0000] {manager.py:879} INFO - 
================================================================================
DAG File Processing Stats

File Path                            PID  Runtime      # DAGs    # Errors  Last Runtime    Last Run
---------------------------------  -----  ---------  --------  ----------  --------------  -------------------
/opt/airflow/dags/dag_ingestao.py    196  0.01s             1           0  0.19s           2025-05-12T17:14:05
================================================================================
[2025-05-12T17:15:06.448+0000] {manager.py:879} INFO - 
================================================================================
DAG File Processing Stats

File Path                            PID  Runtime      # DAGs    # Errors  Last Runtime    Last Run
---------------------------------  -----  ---------  --------  ----------  --------------  -------------------
/opt/airflow/dags/dag_ingestao.py    201  0.01s             1           0  0.17s           2025-05-12T17:14:36
================================================================================
[2025-05-12T17:15:36.773+0000] {manager.py:879} INFO - 
================================================================================
DAG File Processing Stats

File Path                            PID  Runtime      # DAGs    # Errors  Last Runtime    Last Run
---------------------------------  -----  ---------  --------  ----------  --------------  -------------------
/opt/airflow/dags/dag_ingestao.py    206  0.00s             1           0  0.16s           2025-05-12T17:15:06
================================================================================
[2025-05-12T17:16:07.273+0000] {manager.py:879} INFO - 
================================================================================
DAG File Processing Stats

File Path                            PID  Runtime      # DAGs    # Errors  Last Runtime    Last Run
---------------------------------  -----  ---------  --------  ----------  --------------  -------------------
/opt/airflow/dags/dag_ingestao.py    211  0.01s             1           0  0.15s           2025-05-12T17:15:36
================================================================================
[2025-05-12T17:16:37.608+0000] {manager.py:879} INFO - 
================================================================================
DAG File Processing Stats

File Path                            PID  Runtime      # DAGs    # Errors  Last Runtime    Last Run
---------------------------------  -----  ---------  --------  ----------  --------------  -------------------
/opt/airflow/dags/dag_ingestao.py    216  0.00s             1           0  0.16s           2025-05-12T17:16:07
================================================================================
[2025-05-12T17:17:04.820+0000] {manager.py:738} INFO - Searching for files in /opt/airflow/dags
[2025-05-12T17:17:04.923+0000] {manager.py:741} INFO - There are 1 files in /opt/airflow/dags
[2025-05-12T17:17:07.969+0000] {manager.py:879} INFO - 
================================================================================
DAG File Processing Stats

File Path                            PID  Runtime      # DAGs    # Errors  Last Runtime    Last Run
---------------------------------  -----  ---------  --------  ----------  --------------  -------------------
/opt/airflow/dags/dag_ingestao.py    221  0.00s             1           0  0.14s           2025-05-12T17:16:37
================================================================================
[2025-05-12T17:17:38.337+0000] {manager.py:879} INFO - 
================================================================================
DAG File Processing Stats

File Path                            PID  Runtime      # DAGs    # Errors  Last Runtime    Last Run
---------------------------------  -----  ---------  --------  ----------  --------------  -------------------
/opt/airflow/dags/dag_ingestao.py    226  0.01s             1           0  0.16s           2025-05-12T17:17:08
================================================================================
[2025-05-12T17:18:08.753+0000] {manager.py:879} INFO - 
================================================================================
DAG File Processing Stats

File Path                            PID  Runtime      # DAGs    # Errors  Last Runtime    Last Run
---------------------------------  -----  ---------  --------  ----------  --------------  -------------------
/opt/airflow/dags/dag_ingestao.py    231  0.00s             1           0  0.16s           2025-05-12T17:17:38
================================================================================
[2025-05-12T17:18:39.225+0000] {manager.py:879} INFO - 
================================================================================
DAG File Processing Stats

File Path                          PID    Runtime      # DAGs    # Errors  Last Runtime    Last Run
---------------------------------  -----  ---------  --------  ----------  --------------  -------------------
/opt/airflow/dags/dag_ingestao.py                           1           0  0.42s           2025-05-12T17:18:26
================================================================================
[2025-05-12T17:19:10.048+0000] {manager.py:879} INFO - 
================================================================================
DAG File Processing Stats

File Path                          PID    Runtime      # DAGs    # Errors  Last Runtime    Last Run
---------------------------------  -----  ---------  --------  ----------  --------------  -------------------
/opt/airflow/dags/dag_ingestao.py                           1           0  0.17s           2025-05-12T17:18:57
================================================================================
[2025-05-12T17:19:40.483+0000] {manager.py:879} INFO - 
================================================================================
DAG File Processing Stats

File Path                          PID    Runtime      # DAGs    # Errors  Last Runtime    Last Run
---------------------------------  -----  ---------  --------  ----------  --------------  -------------------
/opt/airflow/dags/dag_ingestao.py                           1           0  0.17s           2025-05-12T17:19:27
================================================================================
[2025-05-12T17:20:10.804+0000] {manager.py:879} INFO - 
================================================================================
DAG File Processing Stats

File Path                          PID    Runtime      # DAGs    # Errors  Last Runtime    Last Run
---------------------------------  -----  ---------  --------  ----------  --------------  -------------------
/opt/airflow/dags/dag_ingestao.py                           1           0  0.20s           2025-05-12T17:19:57
================================================================================
[2025-05-12T17:20:41.070+0000] {manager.py:879} INFO - 
================================================================================
DAG File Processing Stats

File Path                          PID    Runtime      # DAGs    # Errors  Last Runtime    Last Run
---------------------------------  -----  ---------  --------  ----------  --------------  -------------------
/opt/airflow/dags/dag_ingestao.py                           1           0  0.18s           2025-05-12T17:20:28
================================================================================
[2025-05-12T17:21:11.440+0000] {manager.py:879} INFO - 
================================================================================
DAG File Processing Stats

File Path                          PID    Runtime      # DAGs    # Errors  Last Runtime    Last Run
---------------------------------  -----  ---------  --------  ----------  --------------  -------------------
/opt/airflow/dags/dag_ingestao.py                           1           0  0.18s           2025-05-12T17:20:58
================================================================================
[2025-05-12T17:21:41.822+0000] {manager.py:879} INFO - 
================================================================================
DAG File Processing Stats

File Path                          PID    Runtime      # DAGs    # Errors  Last Runtime    Last Run
---------------------------------  -----  ---------  --------  ----------  --------------  -------------------
/opt/airflow/dags/dag_ingestao.py                           1           0  0.18s           2025-05-12T17:21:28
================================================================================
[2025-05-12T17:22:05.177+0000] {manager.py:738} INFO - Searching for files in /opt/airflow/dags
[2025-05-12T17:22:05.237+0000] {manager.py:741} INFO - There are 1 files in /opt/airflow/dags
[2025-05-12T17:22:12.339+0000] {manager.py:879} INFO - 
================================================================================
DAG File Processing Stats

File Path                          PID    Runtime      # DAGs    # Errors  Last Runtime    Last Run
---------------------------------  -----  ---------  --------  ----------  --------------  -------------------
/opt/airflow/dags/dag_ingestao.py                           1           0  0.16s           2025-05-12T17:21:59
================================================================================
[2025-05-12T17:22:42.709+0000] {manager.py:879} INFO - 
================================================================================
DAG File Processing Stats

File Path                          PID    Runtime      # DAGs    # Errors  Last Runtime    Last Run
---------------------------------  -----  ---------  --------  ----------  --------------  -------------------
/opt/airflow/dags/dag_ingestao.py                           1           0  0.19s           2025-05-12T17:22:29
================================================================================
[2025-05-12T17:23:13.189+0000] {manager.py:879} INFO - 
================================================================================
DAG File Processing Stats

File Path                          PID    Runtime      # DAGs    # Errors  Last Runtime    Last Run
---------------------------------  -----  ---------  --------  ----------  --------------  -------------------
/opt/airflow/dags/dag_ingestao.py                           1           0  0.21s           2025-05-12T17:23:00
================================================================================
[2025-05-12T17:23:43.546+0000] {manager.py:879} INFO - 
================================================================================
DAG File Processing Stats

File Path                          PID    Runtime      # DAGs    # Errors  Last Runtime    Last Run
---------------------------------  -----  ---------  --------  ----------  --------------  -------------------
/opt/airflow/dags/dag_ingestao.py                           1           0  0.21s           2025-05-12T17:23:30
================================================================================
[2025-05-12T17:24:14.011+0000] {manager.py:879} INFO - 
================================================================================
DAG File Processing Stats

File Path                          PID    Runtime      # DAGs    # Errors  Last Runtime    Last Run
---------------------------------  -----  ---------  --------  ----------  --------------  -------------------
/opt/airflow/dags/dag_ingestao.py                           1           0  0.27s           2025-05-12T17:24:01
================================================================================
[2025-05-12T17:24:44.361+0000] {manager.py:879} INFO - 
================================================================================
DAG File Processing Stats

File Path                          PID    Runtime      # DAGs    # Errors  Last Runtime    Last Run
---------------------------------  -----  ---------  --------  ----------  --------------  -------------------
/opt/airflow/dags/dag_ingestao.py                           1           0  0.21s           2025-05-12T17:24:31
================================================================================
[2025-05-12T17:25:14.758+0000] {manager.py:879} INFO - 
================================================================================
DAG File Processing Stats

File Path                          PID    Runtime      # DAGs    # Errors  Last Runtime    Last Run
---------------------------------  -----  ---------  --------  ----------  --------------  -------------------
/opt/airflow/dags/dag_ingestao.py                           1           0  0.21s           2025-05-12T17:25:01
================================================================================
[2025-05-12T17:25:45.183+0000] {manager.py:879} INFO - 
================================================================================
DAG File Processing Stats

File Path                          PID    Runtime      # DAGs    # Errors  Last Runtime    Last Run
---------------------------------  -----  ---------  --------  ----------  --------------  -------------------
/opt/airflow/dags/dag_ingestao.py                           1           0  0.16s           2025-05-12T17:25:32
================================================================================
[2025-05-12T17:26:15.620+0000] {manager.py:879} INFO - 
================================================================================
DAG File Processing Stats

File Path                          PID    Runtime      # DAGs    # Errors  Last Runtime    Last Run
---------------------------------  -----  ---------  --------  ----------  --------------  -------------------
/opt/airflow/dags/dag_ingestao.py                           1           0  0.44s           2025-05-12T17:26:02
================================================================================
[2025-05-12T17:26:46.255+0000] {manager.py:879} INFO - 
================================================================================
DAG File Processing Stats

File Path                          PID    Runtime      # DAGs    # Errors  Last Runtime    Last Run
---------------------------------  -----  ---------  --------  ----------  --------------  -------------------
/opt/airflow/dags/dag_ingestao.py                           1           0  0.16s           2025-05-12T17:26:33
================================================================================
[2025-05-12T17:27:05.406+0000] {manager.py:738} INFO - Searching for files in /opt/airflow/dags
[2025-05-12T17:27:05.440+0000] {manager.py:741} INFO - There are 1 files in /opt/airflow/dags
[2025-05-12T17:27:16.530+0000] {manager.py:879} INFO - 
================================================================================
DAG File Processing Stats

File Path                          PID    Runtime      # DAGs    # Errors  Last Runtime    Last Run
---------------------------------  -----  ---------  --------  ----------  --------------  -------------------
/opt/airflow/dags/dag_ingestao.py                           1           0  0.18s           2025-05-12T17:27:03
================================================================================
[2025-05-12T17:27:46.873+0000] {manager.py:879} INFO - 
================================================================================
DAG File Processing Stats

File Path                          PID    Runtime      # DAGs    # Errors  Last Runtime    Last Run
---------------------------------  -----  ---------  --------  ----------  --------------  -------------------
/opt/airflow/dags/dag_ingestao.py                           1           0  0.23s           2025-05-12T17:27:33
================================================================================
[2025-05-12T17:28:17.177+0000] {manager.py:879} INFO - 
================================================================================
DAG File Processing Stats

File Path                          PID    Runtime      # DAGs    # Errors  Last Runtime    Last Run
---------------------------------  -----  ---------  --------  ----------  --------------  -------------------
/opt/airflow/dags/dag_ingestao.py                           1           0  0.18s           2025-05-12T17:28:04
================================================================================
[2025-05-12T17:28:47.401+0000] {manager.py:879} INFO - 
================================================================================
DAG File Processing Stats

File Path                          PID    Runtime      # DAGs    # Errors  Last Runtime    Last Run
---------------------------------  -----  ---------  --------  ----------  --------------  -------------------
/opt/airflow/dags/dag_ingestao.py                           1           0  0.19s           2025-05-12T17:28:34
================================================================================
[2025-05-12T17:29:17.725+0000] {manager.py:879} INFO - 
================================================================================
DAG File Processing Stats

File Path                          PID    Runtime      # DAGs    # Errors  Last Runtime    Last Run
---------------------------------  -----  ---------  --------  ----------  --------------  -------------------
/opt/airflow/dags/dag_ingestao.py                           1           0  0.18s           2025-05-12T17:29:04
================================================================================
[2025-05-12T17:29:47.999+0000] {manager.py:879} INFO - 
================================================================================
DAG File Processing Stats

File Path                          PID    Runtime      # DAGs    # Errors  Last Runtime    Last Run
---------------------------------  -----  ---------  --------  ----------  --------------  -------------------
/opt/airflow/dags/dag_ingestao.py                           1           0  0.17s           2025-05-12T17:29:35
================================================================================
[2025-05-12T17:30:18.340+0000] {manager.py:879} INFO - 
================================================================================
DAG File Processing Stats

File Path                          PID    Runtime      # DAGs    # Errors  Last Runtime    Last Run
---------------------------------  -----  ---------  --------  ----------  --------------  -------------------
/opt/airflow/dags/dag_ingestao.py                           1           0  0.19s           2025-05-12T17:30:05
================================================================================
[2025-05-12T17:30:48.543+0000] {manager.py:879} INFO - 
================================================================================
DAG File Processing Stats

File Path                          PID    Runtime      # DAGs    # Errors  Last Runtime    Last Run
---------------------------------  -----  ---------  --------  ----------  --------------  -------------------
/opt/airflow/dags/dag_ingestao.py                           1           0  0.15s           2025-05-12T17:30:35
================================================================================
[2025-05-12T17:31:18.824+0000] {manager.py:879} INFO - 
================================================================================
DAG File Processing Stats

File Path                          PID    Runtime      # DAGs    # Errors  Last Runtime    Last Run
---------------------------------  -----  ---------  --------  ----------  --------------  -------------------
/opt/airflow/dags/dag_ingestao.py                           1           0  0.17s           2025-05-12T17:31:05
================================================================================
[2025-05-12T17:31:49.140+0000] {manager.py:879} INFO - 
================================================================================
DAG File Processing Stats

File Path                          PID    Runtime      # DAGs    # Errors  Last Runtime    Last Run
---------------------------------  -----  ---------  --------  ----------  --------------  -------------------
/opt/airflow/dags/dag_ingestao.py                           1           0  0.35s           2025-05-12T17:31:48
================================================================================
[2025-05-12T17:32:05.481+0000] {manager.py:738} INFO - Searching for files in /opt/airflow/dags
[2025-05-12T17:32:05.533+0000] {manager.py:741} INFO - There are 1 files in /opt/airflow/dags
[2025-05-12T17:32:19.638+0000] {manager.py:879} INFO - 
================================================================================
DAG File Processing Stats

File Path                          PID    Runtime      # DAGs    # Errors  Last Runtime    Last Run
---------------------------------  -----  ---------  --------  ----------  --------------  -------------------
/opt/airflow/dags/dag_ingestao.py                           1           0  0.18s           2025-05-12T17:32:18
================================================================================
[2025-05-12T17:32:49.991+0000] {manager.py:879} INFO - 
================================================================================
DAG File Processing Stats

File Path                          PID    Runtime      # DAGs    # Errors  Last Runtime    Last Run
---------------------------------  -----  ---------  --------  ----------  --------------  -------------------
/opt/airflow/dags/dag_ingestao.py                           1           0  0.18s           2025-05-12T17:32:49
================================================================================
[2025-05-12T17:33:20.335+0000] {manager.py:879} INFO - 
================================================================================
DAG File Processing Stats

File Path                          PID    Runtime      # DAGs    # Errors  Last Runtime    Last Run
---------------------------------  -----  ---------  --------  ----------  --------------  -------------------
/opt/airflow/dags/dag_ingestao.py                           1           0  0.18s           2025-05-12T17:33:19
================================================================================
[2025-05-12T17:33:50.544+0000] {manager.py:879} INFO - 
================================================================================
DAG File Processing Stats

File Path                          PID    Runtime      # DAGs    # Errors  Last Runtime    Last Run
---------------------------------  -----  ---------  --------  ----------  --------------  -------------------
/opt/airflow/dags/dag_ingestao.py                           1           0  0.17s           2025-05-12T17:33:49
================================================================================
[2025-05-12T17:34:20.871+0000] {manager.py:879} INFO - 
================================================================================
DAG File Processing Stats

File Path                          PID    Runtime      # DAGs    # Errors  Last Runtime    Last Run
---------------------------------  -----  ---------  --------  ----------  --------------  -------------------
/opt/airflow/dags/dag_ingestao.py                           1           0  0.16s           2025-05-12T17:34:19
================================================================================
[2025-05-12T17:34:51.077+0000] {manager.py:879} INFO - 
================================================================================
DAG File Processing Stats

File Path                          PID    Runtime      # DAGs    # Errors  Last Runtime    Last Run
---------------------------------  -----  ---------  --------  ----------  --------------  -------------------
/opt/airflow/dags/dag_ingestao.py                           1           0  0.17s           2025-05-12T17:34:50
================================================================================
[2025-05-12T17:35:21.393+0000] {manager.py:879} INFO - 
================================================================================
DAG File Processing Stats

File Path                          PID    Runtime      # DAGs    # Errors  Last Runtime    Last Run
---------------------------------  -----  ---------  --------  ----------  --------------  -------------------
/opt/airflow/dags/dag_ingestao.py                           1           0  0.16s           2025-05-12T17:35:20
================================================================================
[2025-05-12T17:35:51.599+0000] {manager.py:879} INFO - 
================================================================================
DAG File Processing Stats

File Path                          PID    Runtime      # DAGs    # Errors  Last Runtime    Last Run
---------------------------------  -----  ---------  --------  ----------  --------------  -------------------
/opt/airflow/dags/dag_ingestao.py                           1           0  0.17s           2025-05-12T17:35:50
================================================================================
[2025-05-12T17:36:21.899+0000] {manager.py:879} INFO - 
================================================================================
DAG File Processing Stats

File Path                          PID    Runtime      # DAGs    # Errors  Last Runtime    Last Run
---------------------------------  -----  ---------  --------  ----------  --------------  -------------------
/opt/airflow/dags/dag_ingestao.py                           1           0  0.15s           2025-05-12T17:36:20
================================================================================
[2025-05-12T17:36:52.105+0000] {manager.py:879} INFO - 
================================================================================
DAG File Processing Stats

File Path                          PID    Runtime      # DAGs    # Errors  Last Runtime    Last Run
---------------------------------  -----  ---------  --------  ----------  --------------  -------------------
/opt/airflow/dags/dag_ingestao.py                           1           0  0.15s           2025-05-12T17:36:51
================================================================================
[2025-05-12T17:37:06.203+0000] {manager.py:738} INFO - Searching for files in /opt/airflow/dags
[2025-05-12T17:37:06.238+0000] {manager.py:741} INFO - There are 1 files in /opt/airflow/dags
[2025-05-12T17:37:22.425+0000] {manager.py:879} INFO - 
================================================================================
DAG File Processing Stats

File Path                          PID    Runtime      # DAGs    # Errors  Last Runtime    Last Run
---------------------------------  -----  ---------  --------  ----------  --------------  -------------------
/opt/airflow/dags/dag_ingestao.py                           1           0  0.14s           2025-05-12T17:37:21
================================================================================
[2025-05-12T17:37:52.663+0000] {manager.py:879} INFO - 
================================================================================
DAG File Processing Stats

File Path                          PID    Runtime      # DAGs    # Errors  Last Runtime    Last Run
---------------------------------  -----  ---------  --------  ----------  --------------  -------------------
/opt/airflow/dags/dag_ingestao.py                           1           0  0.14s           2025-05-12T17:37:51
================================================================================
[2025-05-12T17:38:22.914+0000] {manager.py:879} INFO - 
================================================================================
DAG File Processing Stats

File Path                          PID    Runtime      # DAGs    # Errors  Last Runtime    Last Run
---------------------------------  -----  ---------  --------  ----------  --------------  -------------------
/opt/airflow/dags/dag_ingestao.py                           1           0  0.15s           2025-05-12T17:38:22
================================================================================
[2025-05-12T17:38:53.183+0000] {manager.py:879} INFO - 
================================================================================
DAG File Processing Stats

File Path                          PID    Runtime      # DAGs    # Errors  Last Runtime    Last Run
---------------------------------  -----  ---------  --------  ----------  --------------  -------------------
/opt/airflow/dags/dag_ingestao.py                           1           0  0.15s           2025-05-12T17:38:52
================================================================================
[2025-05-12T17:39:23.423+0000] {manager.py:879} INFO - 
================================================================================
DAG File Processing Stats

File Path                          PID    Runtime      # DAGs    # Errors  Last Runtime    Last Run
---------------------------------  -----  ---------  --------  ----------  --------------  -------------------
/opt/airflow/dags/dag_ingestao.py                           1           0  0.15s           2025-05-12T17:39:22
================================================================================
[2025-05-12T17:39:53.748+0000] {manager.py:879} INFO - 
================================================================================
DAG File Processing Stats

File Path                          PID    Runtime      # DAGs    # Errors  Last Runtime    Last Run
---------------------------------  -----  ---------  --------  ----------  --------------  -------------------
/opt/airflow/dags/dag_ingestao.py                           1           0  0.16s           2025-05-12T17:39:52
================================================================================
[2025-05-12T17:40:24.039+0000] {manager.py:879} INFO - 
================================================================================
DAG File Processing Stats

File Path                          PID    Runtime      # DAGs    # Errors  Last Runtime    Last Run
---------------------------------  -----  ---------  --------  ----------  --------------  -------------------
/opt/airflow/dags/dag_ingestao.py                           1           0  0.19s           2025-05-12T17:40:23
================================================================================
[2025-05-12T17:40:54.413+0000] {manager.py:879} INFO - 
================================================================================
DAG File Processing Stats

File Path                          PID    Runtime      # DAGs    # Errors  Last Runtime    Last Run
---------------------------------  -----  ---------  --------  ----------  --------------  -------------------
/opt/airflow/dags/dag_ingestao.py                           1           0  0.16s           2025-05-12T17:40:53
================================================================================
[2025-05-12T17:41:24.670+0000] {manager.py:879} INFO - 
================================================================================
DAG File Processing Stats

File Path                          PID    Runtime      # DAGs    # Errors  Last Runtime    Last Run
---------------------------------  -----  ---------  --------  ----------  --------------  -------------------
/opt/airflow/dags/dag_ingestao.py                           1           0  0.22s           2025-05-12T17:41:23
================================================================================
[2025-05-12T17:41:55.045+0000] {manager.py:879} INFO - 
================================================================================
DAG File Processing Stats

File Path                          PID    Runtime      # DAGs    # Errors  Last Runtime    Last Run
---------------------------------  -----  ---------  --------  ----------  --------------  -------------------
/opt/airflow/dags/dag_ingestao.py                           1           0  0.21s           2025-05-12T17:41:54
================================================================================
[2025-05-12T17:42:06.312+0000] {manager.py:738} INFO - Searching for files in /opt/airflow/dags
[2025-05-12T17:42:06.359+0000] {manager.py:741} INFO - There are 1 files in /opt/airflow/dags
[2025-05-12T17:42:25.494+0000] {manager.py:879} INFO - 
================================================================================
DAG File Processing Stats

File Path                          PID    Runtime      # DAGs    # Errors  Last Runtime    Last Run
---------------------------------  -----  ---------  --------  ----------  --------------  -------------------
/opt/airflow/dags/dag_ingestao.py                           1           0  0.22s           2025-05-12T17:42:24
================================================================================
[2025-05-12T17:42:55.884+0000] {manager.py:879} INFO - 
================================================================================
DAG File Processing Stats

File Path                          PID    Runtime      # DAGs    # Errors  Last Runtime    Last Run
---------------------------------  -----  ---------  --------  ----------  --------------  -------------------
/opt/airflow/dags/dag_ingestao.py                           1           0  0.25s           2025-05-12T17:42:55
================================================================================
[2025-05-12T17:43:26.333+0000] {manager.py:879} INFO - 
================================================================================
DAG File Processing Stats

File Path                          PID    Runtime      # DAGs    # Errors  Last Runtime    Last Run
---------------------------------  -----  ---------  --------  ----------  --------------  -------------------
/opt/airflow/dags/dag_ingestao.py                           1           0  0.35s           2025-05-12T17:43:25
================================================================================
[2025-05-12T17:43:56.912+0000] {manager.py:879} INFO - 
================================================================================
DAG File Processing Stats

File Path                          PID    Runtime      # DAGs    # Errors  Last Runtime    Last Run
---------------------------------  -----  ---------  --------  ----------  --------------  -------------------
/opt/airflow/dags/dag_ingestao.py                           1           0  0.33s           2025-05-12T17:43:56
================================================================================
[2025-05-12T17:44:27.413+0000] {manager.py:879} INFO - 
================================================================================
DAG File Processing Stats

File Path                          PID    Runtime      # DAGs    # Errors  Last Runtime    Last Run
---------------------------------  -----  ---------  --------  ----------  --------------  -------------------
/opt/airflow/dags/dag_ingestao.py                           1           0  0.22s           2025-05-12T17:44:26
================================================================================
[2025-05-12T17:44:57.709+0000] {manager.py:879} INFO - 
================================================================================
DAG File Processing Stats

File Path                          PID    Runtime      # DAGs    # Errors  Last Runtime    Last Run
---------------------------------  -----  ---------  --------  ----------  --------------  -------------------
/opt/airflow/dags/dag_ingestao.py                           1           0  0.23s           2025-05-12T17:44:56
================================================================================
[2025-05-12T17:45:27.996+0000] {manager.py:879} INFO - 
================================================================================
DAG File Processing Stats

File Path                          PID    Runtime      # DAGs    # Errors  Last Runtime    Last Run
---------------------------------  -----  ---------  --------  ----------  --------------  -------------------
/opt/airflow/dags/dag_ingestao.py                           1           0  0.17s           2025-05-12T17:45:27
================================================================================
[2025-05-12T17:45:58.483+0000] {manager.py:879} INFO - 
================================================================================
DAG File Processing Stats

File Path                          PID    Runtime      # DAGs    # Errors  Last Runtime    Last Run
---------------------------------  -----  ---------  --------  ----------  --------------  -------------------
/opt/airflow/dags/dag_ingestao.py                           1           0  0.19s           2025-05-12T17:45:57
================================================================================
[2025-05-12T17:46:28.848+0000] {manager.py:879} INFO - 
================================================================================
DAG File Processing Stats

File Path                          PID    Runtime      # DAGs    # Errors  Last Runtime    Last Run
---------------------------------  -----  ---------  --------  ----------  --------------  -------------------
/opt/airflow/dags/dag_ingestao.py                           1           0  0.19s           2025-05-12T17:46:28
================================================================================
[2025-05-12T17:46:59.260+0000] {manager.py:879} INFO - 
================================================================================
DAG File Processing Stats

File Path                          PID    Runtime      # DAGs    # Errors  Last Runtime    Last Run
---------------------------------  -----  ---------  --------  ----------  --------------  -------------------
/opt/airflow/dags/dag_ingestao.py                           1           0  0.19s           2025-05-12T17:46:58
================================================================================
[2025-05-12T17:47:06.312+0000] {manager.py:738} INFO - Searching for files in /opt/airflow/dags
[2025-05-12T17:47:06.348+0000] {manager.py:741} INFO - There are 1 files in /opt/airflow/dags
[2025-05-12T17:47:29.624+0000] {manager.py:879} INFO - 
================================================================================
DAG File Processing Stats

File Path                          PID    Runtime      # DAGs    # Errors  Last Runtime    Last Run
---------------------------------  -----  ---------  --------  ----------  --------------  -------------------
/opt/airflow/dags/dag_ingestao.py                           1           0  0.20s           2025-05-12T17:47:28
================================================================================
[2025-05-12T17:48:00.070+0000] {manager.py:879} INFO - 
================================================================================
DAG File Processing Stats

File Path                          PID    Runtime      # DAGs    # Errors  Last Runtime    Last Run
---------------------------------  -----  ---------  --------  ----------  --------------  -------------------
/opt/airflow/dags/dag_ingestao.py                           1           0  0.17s           2025-05-12T17:47:59
================================================================================
[2025-05-12T17:48:30.398+0000] {manager.py:879} INFO - 
================================================================================
DAG File Processing Stats

File Path                          PID    Runtime      # DAGs    # Errors  Last Runtime    Last Run
---------------------------------  -----  ---------  --------  ----------  --------------  -------------------
/opt/airflow/dags/dag_ingestao.py                           1           0  0.16s           2025-05-12T17:48:29
================================================================================
[2025-05-12T17:49:00.806+0000] {manager.py:879} INFO - 
================================================================================
DAG File Processing Stats

File Path                          PID    Runtime      # DAGs    # Errors  Last Runtime    Last Run
---------------------------------  -----  ---------  --------  ----------  --------------  -------------------
/opt/airflow/dags/dag_ingestao.py                           1           0  0.21s           2025-05-12T17:48:59
================================================================================
[2025-05-12T17:49:31.195+0000] {manager.py:879} INFO - 
================================================================================
DAG File Processing Stats

File Path                          PID    Runtime      # DAGs    # Errors  Last Runtime    Last Run
---------------------------------  -----  ---------  --------  ----------  --------------  -------------------
/opt/airflow/dags/dag_ingestao.py                           1           0  0.18s           2025-05-12T17:49:30
================================================================================
[2025-05-12T17:50:01.540+0000] {manager.py:879} INFO - 
================================================================================
DAG File Processing Stats

File Path                          PID    Runtime      # DAGs    # Errors  Last Runtime    Last Run
---------------------------------  -----  ---------  --------  ----------  --------------  -------------------
/opt/airflow/dags/dag_ingestao.py                           1           0  0.21s           2025-05-12T17:50:00
================================================================================
[2025-05-12T17:50:32.016+0000] {manager.py:879} INFO - 
================================================================================
DAG File Processing Stats

File Path                          PID    Runtime      # DAGs    # Errors  Last Runtime    Last Run
---------------------------------  -----  ---------  --------  ----------  --------------  -------------------
/opt/airflow/dags/dag_ingestao.py                           1           0  0.22s           2025-05-12T17:50:31
================================================================================
[2025-05-12T17:51:02.330+0000] {manager.py:879} INFO - 
================================================================================
DAG File Processing Stats

File Path                          PID    Runtime      # DAGs    # Errors  Last Runtime    Last Run
---------------------------------  -----  ---------  --------  ----------  --------------  -------------------
/opt/airflow/dags/dag_ingestao.py                           1           0  0.19s           2025-05-12T17:51:01
================================================================================
[2025-05-12T17:51:32.611+0000] {manager.py:879} INFO - 
================================================================================
DAG File Processing Stats

File Path                          PID    Runtime      # DAGs    # Errors  Last Runtime    Last Run
---------------------------------  -----  ---------  --------  ----------  --------------  -------------------
/opt/airflow/dags/dag_ingestao.py                           1           0  0.20s           2025-05-12T17:51:31
================================================================================
[2025-05-12T17:52:03.053+0000] {manager.py:879} INFO - 
================================================================================
DAG File Processing Stats

File Path                          PID    Runtime      # DAGs    # Errors  Last Runtime    Last Run
---------------------------------  -----  ---------  --------  ----------  --------------  -------------------
/opt/airflow/dags/dag_ingestao.py                           1           0  0.17s           2025-05-12T17:52:02
================================================================================
[2025-05-12T17:52:07.092+0000] {manager.py:738} INFO - Searching for files in /opt/airflow/dags
[2025-05-12T17:52:07.142+0000] {manager.py:741} INFO - There are 1 files in /opt/airflow/dags
[2025-05-12T17:52:33.400+0000] {manager.py:879} INFO - 
================================================================================
DAG File Processing Stats

File Path                          PID    Runtime      # DAGs    # Errors  Last Runtime    Last Run
---------------------------------  -----  ---------  --------  ----------  --------------  -------------------
/opt/airflow/dags/dag_ingestao.py                           1           0  0.19s           2025-05-12T17:52:32
================================================================================
[2025-05-12T17:53:03.748+0000] {manager.py:879} INFO - 
================================================================================
DAG File Processing Stats

File Path                          PID    Runtime      # DAGs    # Errors  Last Runtime    Last Run
---------------------------------  -----  ---------  --------  ----------  --------------  -------------------
/opt/airflow/dags/dag_ingestao.py                           1           0  0.17s           2025-05-12T17:53:02
================================================================================
[2025-05-12T17:53:34.195+0000] {manager.py:879} INFO - 
================================================================================
DAG File Processing Stats

File Path                          PID    Runtime      # DAGs    # Errors  Last Runtime    Last Run
---------------------------------  -----  ---------  --------  ----------  --------------  -------------------
/opt/airflow/dags/dag_ingestao.py                           1           0  0.27s           2025-05-12T17:53:33
================================================================================
[2025-05-12T17:54:04.709+0000] {manager.py:879} INFO - 
================================================================================
DAG File Processing Stats

File Path                          PID    Runtime      # DAGs    # Errors  Last Runtime    Last Run
---------------------------------  -----  ---------  --------  ----------  --------------  -------------------
/opt/airflow/dags/dag_ingestao.py                           1           0  0.22s           2025-05-12T17:54:03
================================================================================
[2025-05-12T17:54:35.158+0000] {manager.py:879} INFO - 
================================================================================
DAG File Processing Stats

File Path                          PID    Runtime      # DAGs    # Errors  Last Runtime    Last Run
---------------------------------  -----  ---------  --------  ----------  --------------  -------------------
/opt/airflow/dags/dag_ingestao.py                           1           0  0.22s           2025-05-12T17:54:34
================================================================================
[2025-05-12T17:55:05.701+0000] {manager.py:879} INFO - 
================================================================================
DAG File Processing Stats

File Path                          PID    Runtime      # DAGs    # Errors  Last Runtime    Last Run
---------------------------------  -----  ---------  --------  ----------  --------------  -------------------
/opt/airflow/dags/dag_ingestao.py                           1           0  0.22s           2025-05-12T17:55:04
================================================================================
[2025-05-12T17:55:36.090+0000] {manager.py:879} INFO - 
================================================================================
DAG File Processing Stats

File Path                          PID    Runtime      # DAGs    # Errors  Last Runtime    Last Run
---------------------------------  -----  ---------  --------  ----------  --------------  -------------------
/opt/airflow/dags/dag_ingestao.py                           1           0  0.20s           2025-05-12T17:55:35
================================================================================
[2025-05-12T17:56:06.592+0000] {manager.py:879} INFO - 
================================================================================
DAG File Processing Stats

File Path                          PID    Runtime      # DAGs    # Errors  Last Runtime    Last Run
---------------------------------  -----  ---------  --------  ----------  --------------  -------------------
/opt/airflow/dags/dag_ingestao.py                           1           0  0.20s           2025-05-12T17:56:05
================================================================================
[2025-05-12T17:56:36.943+0000] {manager.py:879} INFO - 
================================================================================
DAG File Processing Stats

File Path                          PID    Runtime      # DAGs    # Errors  Last Runtime    Last Run
---------------------------------  -----  ---------  --------  ----------  --------------  -------------------
/opt/airflow/dags/dag_ingestao.py                           1           0  0.21s           2025-05-12T17:56:36
================================================================================
[2025-05-12T17:57:07.373+0000] {manager.py:738} INFO - Searching for files in /opt/airflow/dags
[2025-05-12T17:57:07.410+0000] {manager.py:741} INFO - There are 1 files in /opt/airflow/dags
[2025-05-12T17:57:07.421+0000] {manager.py:879} INFO - 
================================================================================
DAG File Processing Stats

File Path                          PID    Runtime      # DAGs    # Errors  Last Runtime    Last Run
---------------------------------  -----  ---------  --------  ----------  --------------  -------------------
/opt/airflow/dags/dag_ingestao.py                           1           0  0.17s           2025-05-12T17:57:06
================================================================================
[2025-05-12T17:57:31.658+0000] {manager.py:451} INFO - Exiting gracefully upon receiving signal 15
